name: train
run_id: commands[0]
env COMSPEC: C:\Windows\system32\cmd.exe
env NUMBER_OF_PROCESSORS: 12
env PATHEXT: .COM;.EXE;.BAT;.CMD;.VBS;.VBE;.JS;.JSE;.WSF;.WSH;.MSC
env PROCESSOR_ARCHITECTURE: AMD64
env PROGRAMDATA: C:\ProgramData
env PROGRAMFILES: C:\Program Files
env PROGRAMFILES(X86): C:\Program Files (x86)
env SYSTEMDRIVE: C:
env SYSTEMROOT: C:\Windows
env TEMP: C:\Users\User\AppData\Local\Temp
env TMP: C:\Users\User\AppData\Local\Temp
env USERPROFILE: C:\Users\User
env PATH: C:\Users\User\OneDrive\Документы\KV_DW_JL_5\Ml_deployments\titanic_dataset\.tox\test_package\Scripts;C:\Users\User\anaconda3\envs\ml_deployment;C:\Users\User\anaconda3\envs\ml_deployment\Library\mingw-w64\bin;C:\Users\User\anaconda3\envs\ml_deployment\Library\usr\bin;C:\Users\User\anaconda3\envs\ml_deployment\Library\bin;C:\Users\User\anaconda3\envs\ml_deployment\Scripts;C:\Users\User\anaconda3\envs\ml_deployment\bin;C:\Users\User\anaconda3\condabin;C:\Program Files\NVIDIA GPU Computing Toolkit\CUDA\v11.1\bin;C:\Program Files\NVIDIA GPU Computing Toolkit\CUDA\v11.1\libnvvp;C:\Windows\system32;C:\Windows;C:\Windows\System32\Wbem;C:\Windows\System32\WindowsPowerShell\v1.0;C:\Windows\System32\OpenSSH;C:\Program Files (x86)\NVIDIA Corporation\PhysX\Common;C:\Program Files\NVIDIA Corporation\Nsight Compute 2020.2.1;C:\Users\User\AppData\Local\Microsoft\WindowsApps;C:\Users\User\AppData\Local\GitHubDesktop\bin;"C:\Windows\system32;";C:\Users\User\anaconda3;C:\Users\User\anaconda3\Library\bin;C:\Users\User\anaconda3\Library\mingw-w64\bin;C:\Users\User\anaconda3\Scripts
env PYTHONHASHSEED: 407
env PIP_DISABLE_PIP_VERSION_CHECK: 1
env PYTHONIOENCODING: utf-8
env PYTHONPATH: .
env TOX_ENV_NAME: train
env TOX_WORK_DIR: C:\Users\User\OneDrive\Документы\KV_DW_JL_5\Ml_deployments\titanic_dataset\.tox
env TOX_ENV_DIR: C:\Users\User\OneDrive\Документы\KV_DW_JL_5\Ml_deployments\titanic_dataset\.tox\test_package
env VIRTUAL_ENV: C:\Users\User\OneDrive\Документы\KV_DW_JL_5\Ml_deployments\titanic_dataset\.tox\test_package
env COLUMNS: 120
env LINES: 30
metadata pid: 2168
cwd: C:\Users\User\OneDrive\Документы\KV_DW_JL_5\Ml_deployments\titanic_dataset
allow: C:\Users\User\OneDrive\Документы\KV_DW_JL_5\Ml_deployments\titanic_dataset\.tox\test_package\Scripts\*
cmd: python classification_model/train_pipeline.py
exit_code: 0
