name: run1
run_id: commands[0]
env COMSPEC: C:\Windows\system32\cmd.exe
env NUMBER_OF_PROCESSORS: 12
env PATHEXT: .COM;.EXE;.BAT;.CMD;.VBS;.VBE;.JS;.JSE;.WSF;.WSH;.MSC
env PROCESSOR_ARCHITECTURE: AMD64
env PROGRAMDATA: C:\ProgramData
env PROGRAMFILES: C:\Program Files
env PROGRAMFILES(X86): C:\Program Files (x86)
env SYSTEMDRIVE: C:
env SYSTEMROOT: C:\Windows
env TEMP: C:\Users\User\AppData\Local\Temp
env TMP: C:\Users\User\AppData\Local\Temp
env USERPROFILE: C:\Users\User
env PATH: C:\Users\User\OneDrive\Документы\KV_DW_JL_5\Ml_deployments\serve_and_deploy_via_REST_API\houseprice_api\.tox\test_app\Scripts;C:\Users\User\anaconda3\envs\ml_deployment;C:\Users\User\anaconda3\envs\ml_deployment\Library\mingw-w64\bin;C:\Users\User\anaconda3\envs\ml_deployment\Library\usr\bin;C:\Users\User\anaconda3\envs\ml_deployment\Library\bin;C:\Users\User\anaconda3\envs\ml_deployment\Scripts;C:\Users\User\anaconda3\envs\ml_deployment\bin;C:\Users\User\anaconda3\condabin;C:\Program Files\NVIDIA GPU Computing Toolkit\CUDA\v11.1\bin;C:\Program Files\NVIDIA GPU Computing Toolkit\CUDA\v11.1\libnvvp;C:\Windows\system32;C:\Windows;C:\Windows\System32\Wbem;C:\Windows\System32\WindowsPowerShell\v1.0;C:\Windows\System32\OpenSSH;C:\Program Files (x86)\NVIDIA Corporation\PhysX\Common;C:\Program Files\NVIDIA Corporation\Nsight Compute 2020.2.1;C:\Users\User\AppData\Local\Microsoft\WindowsApps;C:\Users\User\AppData\Local\GitHubDesktop\bin;"C:\Windows\system32;";C:\Users\User\anaconda3;C:\Users\User\anaconda3\Library\bin;C:\Users\User\anaconda3\Library\mingw-w64\bin;C:\Users\User\anaconda3\Scripts
env PYTHONHASHSEED: 364
env PIP_DISABLE_PIP_VERSION_CHECK: 1
env PYTHONIOENCODING: utf-8
env PYTHONPATH: .
env TOX_ENV_NAME: run1
env TOX_WORK_DIR: C:\Users\User\OneDrive\Документы\KV_DW_JL_5\Ml_deployments\serve_and_deploy_via_REST_API\houseprice_api\.tox
env TOX_ENV_DIR: C:\Users\User\OneDrive\Документы\KV_DW_JL_5\Ml_deployments\serve_and_deploy_via_REST_API\houseprice_api\.tox\test_app
env VIRTUAL_ENV: C:\Users\User\OneDrive\Документы\KV_DW_JL_5\Ml_deployments\serve_and_deploy_via_REST_API\houseprice_api\.tox\test_app
env COLUMNS: 120
env LINES: 30
metadata pid: 15100
cwd: C:\Users\User\OneDrive\Документы\KV_DW_JL_5\Ml_deployments\serve_and_deploy_via_REST_API\houseprice_api
allow: C:\Users\User\OneDrive\Документы\KV_DW_JL_5\Ml_deployments\serve_and_deploy_via_REST_API\houseprice_api\.tox\test_app\Scripts\*
cmd: python app/main.py
exit_code: 0
INFO:     ::1:54889 - "GET / HTTP/1.1" 200 OK
INFO:     ::1:54889 - "GET /favicon.ico HTTP/1.1" 404 Not Found
INFO:     ::1:54889 - "GET /docs HTTP/1.1" 200 OK
INFO:     ::1:54889 - "GET /api/v1/openapi.json HTTP/1.1" 200 OK
INFO:     ::1:54900 - "GET /api/v1/openapi.json HTTP/1.1" 200 OK
INFO:     ::1:54901 - "GET /api/v1/openapi.json HTTP/1.1" 200 OK
INFO:     ::1:54903 - "GET /api/v1/health HTTP/1.1" 200 OK
INFO:     ::1:54921 - "POST /api/v1/predict HTTP/1.1" 200 OK
INFO:     ::1:51757 - "GET /api/v1/health HTTP/1.1" 200 OK
INFO:     ::1:51814 - "POST /api/v1/predict HTTP/1.1" 200 OK

standard error:
2023-09-28 17:31:07.006 | WARNING  | __main__:<module>:52 - Running in development mode. Do not run like this in production
INFO:     Started server process [11004]
INFO:     Waiting for application startup.
INFO:     Application startup complete.
INFO:     Uvicorn running on http://localhost:8001 (Press CTRL+C to quit)
2023-09-28 17:42:30.745 | INFO     | app.api:predict:33 - Making prediction on inputs: [HouseDataInputSchema(Alley=None, BedroomAbvGr=2, BldgType='1Fam', BsmtCond='TA', BsmtExposure='No', BsmtFinSF1=468.0, BsmtFinSF2=144.0, BsmtFinType1='Rec', BsmtFinType2='LwQ', BsmtFullBath=0.0, BsmtHalfBath=0.0, BsmtQual='TA', BsmtUnfSF=270.0, CentralAir='Y', Condition1='Feedr', Condition2='Norm', Electrical='SBrkr', EnclosedPorch=0, ExterCond='TA', ExterQual='TA', Exterior1st='VinylSd', Exterior2nd='VinylSd', Fence='MnPrv', FireplaceQu=None, Fireplaces=0, Foundation='CBlock', FullBath=1, Functional='Typ', GarageArea=730.0, GarageCars=1.0, GarageCond='TA', GarageFinish='Unf', GarageQual='TA', GarageType='Attchd', GarageYrBlt=1961.0, GrLivArea=896, HalfBath=0, Heating='GasA', HeatingQC='TA', HouseStyle='1Story', Id=None, KitchenAbvGr=1, KitchenQual='TA', LandContour='Lvl', LandSlope='Gtl', LotArea=11622, LotConfig='Inside', LotFrontage=80.0, LotShape='Reg', LowQualFinSF=0, MSSubClass=20, MSZoning='RH', MasVnrArea=0.0, MasVnrType='None', MiscFeature=None, MiscVal=0, MoSold=6, Neighborhood='NAmes', OpenPorchSF=0, OverallCond=6, OverallQual=5, PavedDrive='Y', PoolArea=0, PoolQC=None, RoofMatl='CompShg', RoofStyle='Gable', SaleCondition='Normal', SaleType='WD', ScreenPorch=120, Street='Pave', TotRmsAbvGrd=5, TotalBsmtSF=882.0, Utilities='AllPub', WoodDeckSF=140, YearBuilt=1961, YearRemodAdd=1961, YrSold=2010, FirstFlrSF=896, SecondFlrSF=0, ThreeSsnPortch=0)]
2023-09-28 17:42:30.779 | INFO     | app.api:predict:39 - Prediction results: [113422.55344864173]
2023-09-28 18:22:27.487 | INFO     | app.api:predict:33 - Making prediction on inputs: [HouseDataInputSchema(Alley=None, BedroomAbvGr=2, BldgType='1Fam', BsmtCond='TA', BsmtExposure='No', BsmtFinSF1=468.0, BsmtFinSF2=144.0, BsmtFinType1='Rec', BsmtFinType2='LwQ', BsmtFullBath=0.0, BsmtHalfBath=0.0, BsmtQual='TA', BsmtUnfSF=270.0, CentralAir='Y', Condition1='Feedr', Condition2='Norm', Electrical='SBrkr', EnclosedPorch=0, ExterCond='TA', ExterQual='TA', Exterior1st='VinylSd', Exterior2nd='VinylSd', Fence='MnPrv', FireplaceQu=None, Fireplaces=0, Foundation='CBlock', FullBath=1, Functional='Typ', GarageArea=730.0, GarageCars=1.0, GarageCond='TA', GarageFinish='Unf', GarageQual='TA', GarageType='Attchd', GarageYrBlt=1961.0, GrLivArea=896, HalfBath=0, Heating='GasA', HeatingQC='TA', HouseStyle='1Story', Id=None, KitchenAbvGr=1, KitchenQual='TA', LandContour='Lvl', LandSlope='Gtl', LotArea=11622, LotConfig='Inside', LotFrontage=80.0, LotShape='Reg', LowQualFinSF=0, MSSubClass=20, MSZoning='RH', MasVnrArea=0.0, MasVnrType='None', MiscFeature=None, MiscVal=0, MoSold=6, Neighborhood='NAmes', OpenPorchSF=0, OverallCond=6, OverallQual=5, PavedDrive='Y', PoolArea=0, PoolQC=None, RoofMatl='CompShg', RoofStyle='Gable', SaleCondition='Normal', SaleType='WD', ScreenPorch=120, Street='Pave', TotRmsAbvGrd=5, TotalBsmtSF=882.0, Utilities='AllPub', WoodDeckSF=140, YearBuilt=1961, YearRemodAdd=1961, YrSold=2010, FirstFlrSF=896, SecondFlrSF=0, ThreeSsnPortch=0)]
2023-09-28 18:22:27.512 | INFO     | app.api:predict:39 - Prediction results: [113422.55344864173]
INFO:     Shutting down
INFO:     Waiting for application shutdown.
INFO:     Application shutdown complete.
INFO:     Finished server process [11004]
